<?xml version="1.0" encoding="UTF-8"?>
<!-- Generated by org.testng.reporters.JUnitReportReporter -->
<testsuite hostname="LAPTOP-T7B961OT" failures="0" tests="1" name="apiTesting.PostUsingExternalJSON" time="5.104" errors="0" timestamp="2023-03-01T19:38:14 IST" skipped="0">
  <testcase classname="apiTesting.PostUsingExternalJSON" name="postdemo" time="5.104"/>
  <system-out/>
</testsuite> <!-- apiTesting.PostUsingExternalJSON -->
