<?xml version="1.0" encoding="UTF-8"?>
<!-- Generated by org.testng.reporters.JUnitReportReporter -->
<testsuite hostname="LAPTOP-T7B961OT" failures="0" tests="1" name="apiTesting.PostUsingPOJO" time="5.389" errors="0" timestamp="2023-03-01T19:06:47 IST" skipped="0">
  <testcase classname="apiTesting.PostUsingPOJO" name="postdemo" time="5.389"/>
  <system-out/>
</testsuite> <!-- apiTesting.PostUsingPOJO -->
