<?xml version="1.0" encoding="UTF-8"?>
<!-- Generated by org.testng.reporters.JUnitReportReporter -->
<testsuite hostname="LAPTOP-T7B961OT" failures="0" tests="1" name="apiTesting.PostDemo" time="6.032" errors="0" timestamp="2023-03-03T21:50:23 IST" skipped="0">
  <testcase classname="apiTesting.PostDemo" name="createUser" time="6.032"/>
  <system-out/>
</testsuite> <!-- apiTesting.PostDemo -->
