<?xml version="1.0" encoding="UTF-8"?>
<!-- Generated by org.testng.reporters.JUnitReportReporter -->
<testsuite hostname="LAPTOP-T7B961OT" failures="0" tests="3" name="apiTesting.XMLBodyValidation" time="4.906" errors="0" timestamp="2023-03-03T10:54:45 IST" skipped="0">
  <testcase classname="apiTesting.XMLBodyValidation" name="validateXmlBody1" time="4.037"/>
  <system-out/>
  <testcase classname="apiTesting.XMLBodyValidation" name="validatexmlBody" time="0.506"/>
  <system-out/>
  <testcase classname="apiTesting.XMLBodyValidation" name="validateXmlBody2" time="0.363"/>
  <system-out/>
</testsuite> <!-- apiTesting.XMLBodyValidation -->
