<?xml version="1.0" encoding="UTF-8"?>
<!-- Generated by org.testng.reporters.JUnitReportReporter -->
<testsuite hostname="LAPTOP-T7B961OT" failures="0" tests="1" name="apiTesting.ParamPassingDemo" time="3.335" errors="0" timestamp="2023-03-02T20:39:42 IST" skipped="0">
  <testcase classname="apiTesting.ParamPassingDemo" name="pathAndQueryParam" time="3.335"/>
  <system-out/>
</testsuite> <!-- apiTesting.ParamPassingDemo -->
