<?xml version="1.0" encoding="UTF-8"?>
<!-- Generated by org.testng.reporters.JUnitReportReporter -->
<testsuite hostname="LAPTOP-T7B961OT" failures="0" tests="1" name="apiTesting.PostUsingJsonData" time="5.444" errors="0" timestamp="2023-03-01T17:20:26 IST" skipped="0">
  <testcase classname="apiTesting.PostUsingJsonData" name="postdemo" time="5.444"/>
  <system-out/>
</testsuite> <!-- apiTesting.PostUsingJsonData -->
