<?xml version="1.0" encoding="UTF-8"?>
<!-- Generated by org.testng.reporters.JUnitReportReporter -->
<testsuite hostname="LAPTOP-T7B961OT" failures="0" tests="1" name="apiTesting.LogDemo" time="3.739" errors="0" timestamp="2023-03-02T21:49:01 IST" skipped="0">
  <testcase classname="apiTesting.LogDemo" name="logtest" time="3.739"/>
  <system-out/>
</testsuite> <!-- apiTesting.LogDemo -->
