<?xml version="1.0" encoding="UTF-8"?>
<!-- Generated by org.testng.reporters.JUnitReportReporter -->
<testsuite hostname="LAPTOP-T7B961OT" failures="0" tests="3" name="apiTesting.HeaderValidation" time="4.421" errors="0" timestamp="2023-03-02T21:37:44 IST" skipped="0">
  <testcase classname="apiTesting.HeaderValidation" name="getAllHeader" time="3.499"/>
  <system-out/>
  <testcase classname="apiTesting.HeaderValidation" name="validateHeader" time="0.448"/>
  <system-out/>
  <testcase classname="apiTesting.HeaderValidation" name="getSingleHeader" time="0.474"/>
  <system-out/>
</testsuite> <!-- apiTesting.HeaderValidation -->
